{
  "stats": {
    "suites": 1,
    "tests": 1,
    "passes": 1,
    "pending": 0,
    "failures": 0,
    "start": "2022-03-25T20:15:07.166Z",
    "end": "2022-03-25T20:15:10.780Z",
    "duration": 3614,
    "testsRegistered": 1,
    "passPercent": 100,
    "pendingPercent": 0,
    "other": 0,
    "hasOther": false,
    "skipped": 0,
    "hasSkipped": false
  },
  "results": [
    {
      "uuid": "5bf96992-821d-47eb-8cb2-5705da3a83fb",
      "title": "",
      "fullFile": "cypress/integration/featuredProduct.spec.js",
      "file": "cypress/integration/featuredProduct.spec.js",
      "beforeHooks": [],
      "afterHooks": [],
      "tests": [],
      "suites": [
        {
          "uuid": "06d57e5a-400c-4a0a-a15c-a1e60722ff99",
          "title": "Navigate to Website",
          "fullFile": "",
          "file": "",
          "beforeHooks": [],
          "afterHooks": [],
          "tests": [
            {
              "title": "Validate that a Featured Product Exist",
              "fullTitle": "Navigate to Website Validate that a Featured Product Exist",
              "timedOut": null,
              "duration": 3394,
              "state": "passed",
              "speed": "fast",
              "pass": true,
              "fail": false,
              "pending": false,
              "context": null,
              "code": "cy.featureProductExist();",
              "err": {},
              "uuid": "c3724d8d-0c4a-4f90-b850-f33fdee68a52",
              "parentUUID": "06d57e5a-400c-4a0a-a15c-a1e60722ff99",
              "isHook": false,
              "skipped": false
            }
          ],
          "suites": [],
          "passes": [
            "c3724d8d-0c4a-4f90-b850-f33fdee68a52"
          ],
          "failures": [],
          "pending": [],
          "skipped": [],
          "duration": 3394,
          "root": false,
          "rootEmpty": false,
          "_timeout": 2000
        }
      ],
      "passes": [],
      "failures": [],
      "pending": [],
      "skipped": [],
      "duration": 0,
      "root": true,
      "rootEmpty": true,
      "_timeout": 2000
    }
  ],
  "meta": {
    "mocha": {
      "version": "7.0.1"
    },
    "mochawesome": {
      "options": {
        "quiet": false,
        "reportFilename": "mochawesome",
        "saveHtml": true,
        "saveJson": true,
        "consoleReporter": "spec",
        "useInlineDiffs": false,
        "code": true
      },
      "version": "7.1.3"
    },
    "marge": {
      "options": {
        "id": "default",
        "reportDir": "cypress/reports/mocha",
        "quite": true,
        "overwrite": false,
        "html": true,
        "json": true
      },
      "version": "6.2.0"
    }
  }
}