{
  "stats": {
    "suites": 1,
    "tests": 1,
    "passes": 1,
    "pending": 0,
    "failures": 0,
    "start": "2022-03-29T16:54:31.624Z",
    "end": "2022-03-29T16:54:37.628Z",
    "duration": 6004,
    "testsRegistered": 1,
    "passPercent": 100,
    "pendingPercent": 0,
    "other": 0,
    "hasOther": false,
    "skipped": 0,
    "hasSkipped": false
  },
  "results": [
    {
      "uuid": "bae2bcdb-a8c1-4721-93a8-07672d70a119",
      "title": "",
      "fullFile": "cypress/integration/clearRemovesCartItems.spec.js",
      "file": "cypress/integration/clearRemovesCartItems.spec.js",
      "beforeHooks": [],
      "afterHooks": [],
      "tests": [],
      "suites": [
        {
          "uuid": "cfd77790-44d8-4b1d-961f-d824bdcc7b96",
          "title": "Clear Button Clears Items on Cart",
          "fullFile": "",
          "file": "",
          "beforeHooks": [],
          "afterHooks": [],
          "tests": [
            {
              "title": "Validate that Cart Items are Cleared and Cart Hidden If the Clear Button is Clicked",
              "fullTitle": "Clear Button Clears Items on Cart Validate that Cart Items are Cleared and Cart Hidden If the Clear Button is Clicked",
              "timedOut": null,
              "duration": 5931,
              "state": "passed",
              "speed": "medium",
              "pass": true,
              "fail": false,
              "pending": false,
              "context": null,
              "code": "cy.clearRemovesCartItems();",
              "err": {},
              "uuid": "0ce0be35-3b7f-4055-811e-8aaf60e333e2",
              "parentUUID": "cfd77790-44d8-4b1d-961f-d824bdcc7b96",
              "isHook": false,
              "skipped": false
            }
          ],
          "suites": [],
          "passes": [
            "0ce0be35-3b7f-4055-811e-8aaf60e333e2"
          ],
          "failures": [],
          "pending": [],
          "skipped": [],
          "duration": 5931,
          "root": false,
          "rootEmpty": false,
          "_timeout": 2000
        }
      ],
      "passes": [],
      "failures": [],
      "pending": [],
      "skipped": [],
      "duration": 0,
      "root": true,
      "rootEmpty": true,
      "_timeout": 2000
    }
  ],
  "meta": {
    "mocha": {
      "version": "7.0.1"
    },
    "mochawesome": {
      "options": {
        "quiet": false,
        "reportFilename": "mochawesome",
        "saveHtml": true,
        "saveJson": true,
        "consoleReporter": "spec",
        "useInlineDiffs": false,
        "code": true
      },
      "version": "7.1.3"
    },
    "marge": {
      "options": {
        "id": "default",
        "reportDir": "cypress/reports/mocha",
        "quite": true,
        "overwrite": false,
        "html": true,
        "json": true
      },
      "version": "6.2.0"
    }
  }
}