{
  "stats": {
    "suites": 1,
    "tests": 1,
    "passes": 1,
    "pending": 0,
    "failures": 0,
    "start": "2022-03-29T16:35:23.605Z",
    "end": "2022-03-29T16:35:35.595Z",
    "duration": 11990,
    "testsRegistered": 1,
    "passPercent": 100,
    "pendingPercent": 0,
    "other": 0,
    "hasOther": false,
    "skipped": 0,
    "hasSkipped": false
  },
  "results": [
    {
      "uuid": "979af2d1-f42d-4af0-9953-2f43804291e2",
      "title": "",
      "fullFile": "cypress/integration/addProductsShowCart.spec.js",
      "file": "cypress/integration/addProductsShowCart.spec.js",
      "beforeHooks": [],
      "afterHooks": [],
      "tests": [],
      "suites": [
        {
          "uuid": "ef86790e-f790-44a5-bca4-1ecad4044cd3",
          "title": "Add Products to Cart Shows Cart Drop-Down ",
          "fullFile": "",
          "file": "",
          "beforeHooks": [],
          "afterHooks": [],
          "tests": [
            {
              "title": "Validate that Cart Drop-down Shows If Products Are Added to Cart",
              "fullTitle": "Add Products to Cart Shows Cart Drop-Down  Validate that Cart Drop-down Shows If Products Are Added to Cart",
              "timedOut": null,
              "duration": 11940,
              "state": "passed",
              "speed": "slow",
              "pass": true,
              "fail": false,
              "pending": false,
              "context": null,
              "code": "cy.addProductShowsCart();",
              "err": {},
              "uuid": "38b90fc0-6901-4640-a1c8-b02300a00593",
              "parentUUID": "ef86790e-f790-44a5-bca4-1ecad4044cd3",
              "isHook": false,
              "skipped": false
            }
          ],
          "suites": [],
          "passes": [
            "38b90fc0-6901-4640-a1c8-b02300a00593"
          ],
          "failures": [],
          "pending": [],
          "skipped": [],
          "duration": 11940,
          "root": false,
          "rootEmpty": false,
          "_timeout": 2000
        }
      ],
      "passes": [],
      "failures": [],
      "pending": [],
      "skipped": [],
      "duration": 0,
      "root": true,
      "rootEmpty": true,
      "_timeout": 2000
    }
  ],
  "meta": {
    "mocha": {
      "version": "7.0.1"
    },
    "mochawesome": {
      "options": {
        "quiet": false,
        "reportFilename": "mochawesome",
        "saveHtml": true,
        "saveJson": true,
        "consoleReporter": "spec",
        "useInlineDiffs": false,
        "code": true
      },
      "version": "7.1.3"
    },
    "marge": {
      "options": {
        "id": "default",
        "reportDir": "cypress/reports/mocha",
        "quite": true,
        "overwrite": false,
        "html": true,
        "json": true
      },
      "version": "6.2.0"
    }
  }
}