{
  "stats": {
    "suites": 1,
    "tests": 1,
    "passes": 1,
    "pending": 0,
    "failures": 0,
    "start": "2022-03-29T16:54:43.411Z",
    "end": "2022-03-29T16:54:51.158Z",
    "duration": 7747,
    "testsRegistered": 1,
    "passPercent": 100,
    "pendingPercent": 0,
    "other": 0,
    "hasOther": false,
    "skipped": 0,
    "hasSkipped": false
  },
  "results": [
    {
      "uuid": "352354af-a045-485b-8f82-1e94f9df3d82",
      "title": "",
      "fullFile": "cypress/integration/filterProductsByCategory.spec.js",
      "file": "cypress/integration/filterProductsByCategory.spec.js",
      "beforeHooks": [],
      "afterHooks": [],
      "tests": [],
      "suites": [
        {
          "uuid": "3d515a85-3d68-4286-8d59-80abed17ea66",
          "title": "Filter Products By Category",
          "fullFile": "",
          "file": "",
          "beforeHooks": [],
          "afterHooks": [],
          "tests": [
            {
              "title": "Validate that Products can be Filtered by Category",
              "fullTitle": "Filter Products By Category Validate that Products can be Filtered by Category",
              "timedOut": null,
              "duration": 7719,
              "state": "passed",
              "speed": "medium",
              "pass": true,
              "fail": false,
              "pending": false,
              "context": null,
              "code": "cy.filterProductByCategory();",
              "err": {},
              "uuid": "c646388d-4073-49cf-b3e7-cdc43456280b",
              "parentUUID": "3d515a85-3d68-4286-8d59-80abed17ea66",
              "isHook": false,
              "skipped": false
            }
          ],
          "suites": [],
          "passes": [
            "c646388d-4073-49cf-b3e7-cdc43456280b"
          ],
          "failures": [],
          "pending": [],
          "skipped": [],
          "duration": 7719,
          "root": false,
          "rootEmpty": false,
          "_timeout": 2000
        }
      ],
      "passes": [],
      "failures": [],
      "pending": [],
      "skipped": [],
      "duration": 0,
      "root": true,
      "rootEmpty": true,
      "_timeout": 2000
    }
  ],
  "meta": {
    "mocha": {
      "version": "7.0.1"
    },
    "mochawesome": {
      "options": {
        "quiet": false,
        "reportFilename": "mochawesome",
        "saveHtml": true,
        "saveJson": true,
        "consoleReporter": "spec",
        "useInlineDiffs": false,
        "code": true
      },
      "version": "7.1.3"
    },
    "marge": {
      "options": {
        "id": "default",
        "reportDir": "cypress/reports/mocha",
        "quite": true,
        "overwrite": false,
        "html": true,
        "json": true
      },
      "version": "6.2.0"
    }
  }
}