{
  "stats": {
    "suites": 1,
    "tests": 1,
    "passes": 1,
    "pending": 0,
    "failures": 0,
    "start": "2022-03-30T11:10:03.475Z",
    "end": "2022-03-30T11:10:08.838Z",
    "duration": 5363,
    "testsRegistered": 1,
    "passPercent": 100,
    "pendingPercent": 0,
    "other": 0,
    "hasOther": false,
    "skipped": 0,
    "hasSkipped": false
  },
  "results": [
    {
      "uuid": "a2276e13-e5e0-4d70-9e3d-09cf814d1b30",
      "title": "",
      "fullFile": "cypress/integration/filterProductsByCategory.spec.js",
      "file": "cypress/integration/filterProductsByCategory.spec.js",
      "beforeHooks": [],
      "afterHooks": [],
      "tests": [],
      "suites": [
        {
          "uuid": "4a92f9e2-b444-4ba1-bd02-ab1217416dcd",
          "title": "Filter Products By Category",
          "fullFile": "",
          "file": "",
          "beforeHooks": [],
          "afterHooks": [],
          "tests": [
            {
              "title": "Validate that Products can be Filtered by Category",
              "fullTitle": "Filter Products By Category Validate that Products can be Filtered by Category",
              "timedOut": null,
              "duration": 5328,
              "state": "passed",
              "speed": "medium",
              "pass": true,
              "fail": false,
              "pending": false,
              "context": null,
              "code": "cy.filterProductByCategory();",
              "err": {},
              "uuid": "57c59f8d-614a-4ff5-a85c-a430c443e226",
              "parentUUID": "4a92f9e2-b444-4ba1-bd02-ab1217416dcd",
              "isHook": false,
              "skipped": false
            }
          ],
          "suites": [],
          "passes": [
            "57c59f8d-614a-4ff5-a85c-a430c443e226"
          ],
          "failures": [],
          "pending": [],
          "skipped": [],
          "duration": 5328,
          "root": false,
          "rootEmpty": false,
          "_timeout": 2000
        }
      ],
      "passes": [],
      "failures": [],
      "pending": [],
      "skipped": [],
      "duration": 0,
      "root": true,
      "rootEmpty": true,
      "_timeout": 2000
    }
  ],
  "meta": {
    "mocha": {
      "version": "7.0.1"
    },
    "mochawesome": {
      "options": {
        "quiet": false,
        "reportFilename": "mochawesome",
        "saveHtml": true,
        "saveJson": true,
        "consoleReporter": "spec",
        "useInlineDiffs": false,
        "code": true
      },
      "version": "7.1.3"
    },
    "marge": {
      "options": {
        "id": "default",
        "reportDir": "cypress/reports/mocha",
        "quite": true,
        "overwrite": false,
        "html": true,
        "json": true
      },
      "version": "6.2.0"
    }
  }
}