{
  "stats": {
    "suites": 1,
    "tests": 1,
    "passes": 1,
    "pending": 0,
    "failures": 0,
    "start": "2022-03-29T16:08:08.175Z",
    "end": "2022-03-29T16:08:16.865Z",
    "duration": 8690,
    "testsRegistered": 1,
    "passPercent": 100,
    "pendingPercent": 0,
    "other": 0,
    "hasOther": false,
    "skipped": 0,
    "hasSkipped": false
  },
  "results": [
    {
      "uuid": "76bcfd8f-1f61-4daf-a114-def8ad35c764",
      "title": "",
      "fullFile": "cypress/integration/filterProductsByCategory.spec.js",
      "file": "cypress/integration/filterProductsByCategory.spec.js",
      "beforeHooks": [],
      "afterHooks": [],
      "tests": [],
      "suites": [
        {
          "uuid": "3702bedc-9209-413e-a1e7-4bf5e94a6265",
          "title": "Filter Products By Category",
          "fullFile": "",
          "file": "",
          "beforeHooks": [],
          "afterHooks": [],
          "tests": [
            {
              "title": "Validate that Products can be Filtered by Category",
              "fullTitle": "Filter Products By Category Validate that Products can be Filtered by Category",
              "timedOut": null,
              "duration": 8588,
              "state": "passed",
              "speed": "medium",
              "pass": true,
              "fail": false,
              "pending": false,
              "context": null,
              "code": "cy.filterProductByCategory();",
              "err": {},
              "uuid": "b215dedf-6f0a-4945-aafe-6b30b9bc4aff",
              "parentUUID": "3702bedc-9209-413e-a1e7-4bf5e94a6265",
              "isHook": false,
              "skipped": false
            }
          ],
          "suites": [],
          "passes": [
            "b215dedf-6f0a-4945-aafe-6b30b9bc4aff"
          ],
          "failures": [],
          "pending": [],
          "skipped": [],
          "duration": 8588,
          "root": false,
          "rootEmpty": false,
          "_timeout": 2000
        }
      ],
      "passes": [],
      "failures": [],
      "pending": [],
      "skipped": [],
      "duration": 0,
      "root": true,
      "rootEmpty": true,
      "_timeout": 2000
    }
  ],
  "meta": {
    "mocha": {
      "version": "7.0.1"
    },
    "mochawesome": {
      "options": {
        "quiet": false,
        "reportFilename": "mochawesome",
        "saveHtml": true,
        "saveJson": true,
        "consoleReporter": "spec",
        "useInlineDiffs": false,
        "code": true
      },
      "version": "7.1.3"
    },
    "marge": {
      "options": {
        "id": "default",
        "reportDir": "cypress/reports/mocha",
        "quite": true,
        "overwrite": false,
        "html": true,
        "json": true
      },
      "version": "6.2.0"
    }
  }
}