{
  "stats": {
    "suites": 1,
    "tests": 1,
    "passes": 1,
    "pending": 0,
    "failures": 0,
    "start": "2022-03-29T15:41:13.510Z",
    "end": "2022-03-29T15:41:24.363Z",
    "duration": 10853,
    "testsRegistered": 1,
    "passPercent": 100,
    "pendingPercent": 0,
    "other": 0,
    "hasOther": false,
    "skipped": 0,
    "hasSkipped": false
  },
  "results": [
    {
      "uuid": "99eef18f-bec9-40de-a9d0-4da07db122ff",
      "title": "",
      "fullFile": "cypress/integration/filterProductsByCategory.spec.js",
      "file": "cypress/integration/filterProductsByCategory.spec.js",
      "beforeHooks": [],
      "afterHooks": [],
      "tests": [],
      "suites": [
        {
          "uuid": "63cfe540-e3d6-40a8-bbb1-a59261a387e2",
          "title": "Filter Products By Category",
          "fullFile": "",
          "file": "",
          "beforeHooks": [],
          "afterHooks": [],
          "tests": [
            {
              "title": "Validate that Products can be Filtered by Category",
              "fullTitle": "Filter Products By Category Validate that Products can be Filtered by Category",
              "timedOut": null,
              "duration": 10676,
              "state": "passed",
              "speed": "slow",
              "pass": true,
              "fail": false,
              "pending": false,
              "context": null,
              "code": "cy.filterProductByCategory();",
              "err": {},
              "uuid": "c284394a-6a7b-42e7-8833-55da1166fc69",
              "parentUUID": "63cfe540-e3d6-40a8-bbb1-a59261a387e2",
              "isHook": false,
              "skipped": false
            }
          ],
          "suites": [],
          "passes": [
            "c284394a-6a7b-42e7-8833-55da1166fc69"
          ],
          "failures": [],
          "pending": [],
          "skipped": [],
          "duration": 10676,
          "root": false,
          "rootEmpty": false,
          "_timeout": 2000
        }
      ],
      "passes": [],
      "failures": [],
      "pending": [],
      "skipped": [],
      "duration": 0,
      "root": true,
      "rootEmpty": true,
      "_timeout": 2000
    }
  ],
  "meta": {
    "mocha": {
      "version": "7.0.1"
    },
    "mochawesome": {
      "options": {
        "quiet": false,
        "reportFilename": "mochawesome",
        "saveHtml": true,
        "saveJson": true,
        "consoleReporter": "spec",
        "useInlineDiffs": false,
        "code": true
      },
      "version": "7.1.3"
    },
    "marge": {
      "options": {
        "id": "default",
        "reportDir": "cypress/reports/mocha",
        "quite": true,
        "overwrite": false,
        "html": true,
        "json": true
      },
      "version": "6.2.0"
    }
  }
}