{
  "stats": {
    "suites": 1,
    "tests": 1,
    "passes": 1,
    "pending": 0,
    "failures": 0,
    "start": "2022-03-29T15:39:38.904Z",
    "end": "2022-03-29T15:40:01.541Z",
    "duration": 22637,
    "testsRegistered": 1,
    "passPercent": 100,
    "pendingPercent": 0,
    "other": 0,
    "hasOther": false,
    "skipped": 0,
    "hasSkipped": false
  },
  "results": [
    {
      "uuid": "3ff1d393-4f34-4511-99d4-baaab7d6be1c",
      "title": "",
      "fullFile": "cypress/integration/addProductsShowCart.spec.js",
      "file": "cypress/integration/addProductsShowCart.spec.js",
      "beforeHooks": [],
      "afterHooks": [],
      "tests": [],
      "suites": [
        {
          "uuid": "4889ed6d-e636-4f85-a729-e1022e3f544f",
          "title": "Add Products to Cart Shows Cart Drop-Down ",
          "fullFile": "",
          "file": "",
          "beforeHooks": [],
          "afterHooks": [],
          "tests": [
            {
              "title": "Validate that Cart Drop-down Shows If Products Are Added to Cart",
              "fullTitle": "Add Products to Cart Shows Cart Drop-Down  Validate that Cart Drop-down Shows If Products Are Added to Cart",
              "timedOut": null,
              "duration": 22470,
              "state": "passed",
              "speed": "slow",
              "pass": true,
              "fail": false,
              "pending": false,
              "context": null,
              "code": "cy.addProductShowsCart();",
              "err": {},
              "uuid": "09ee9d46-59f5-4c12-9c28-fe8259204d53",
              "parentUUID": "4889ed6d-e636-4f85-a729-e1022e3f544f",
              "isHook": false,
              "skipped": false
            }
          ],
          "suites": [],
          "passes": [
            "09ee9d46-59f5-4c12-9c28-fe8259204d53"
          ],
          "failures": [],
          "pending": [],
          "skipped": [],
          "duration": 22470,
          "root": false,
          "rootEmpty": false,
          "_timeout": 2000
        }
      ],
      "passes": [],
      "failures": [],
      "pending": [],
      "skipped": [],
      "duration": 0,
      "root": true,
      "rootEmpty": true,
      "_timeout": 2000
    }
  ],
  "meta": {
    "mocha": {
      "version": "7.0.1"
    },
    "mochawesome": {
      "options": {
        "quiet": false,
        "reportFilename": "mochawesome",
        "saveHtml": true,
        "saveJson": true,
        "consoleReporter": "spec",
        "useInlineDiffs": false,
        "code": true
      },
      "version": "7.1.3"
    },
    "marge": {
      "options": {
        "id": "default",
        "reportDir": "cypress/reports/mocha",
        "quite": true,
        "overwrite": false,
        "html": true,
        "json": true
      },
      "version": "6.2.0"
    }
  }
}