{
  "stats": {
    "suites": 1,
    "tests": 1,
    "passes": 1,
    "pending": 0,
    "failures": 0,
    "start": "2022-03-29T16:07:55.441Z",
    "end": "2022-03-29T16:08:02.457Z",
    "duration": 7016,
    "testsRegistered": 1,
    "passPercent": 100,
    "pendingPercent": 0,
    "other": 0,
    "hasOther": false,
    "skipped": 0,
    "hasSkipped": false
  },
  "results": [
    {
      "uuid": "0d7ed3e6-5dae-4446-b5a3-ac7703ca8ff9",
      "title": "",
      "fullFile": "cypress/integration/clearRemovesCartItems.spec.js",
      "file": "cypress/integration/clearRemovesCartItems.spec.js",
      "beforeHooks": [],
      "afterHooks": [],
      "tests": [],
      "suites": [
        {
          "uuid": "2bbc2eb3-f758-47cd-9ae9-84d9517d13d9",
          "title": "Clear Button Clears Items on Cart",
          "fullFile": "",
          "file": "",
          "beforeHooks": [],
          "afterHooks": [],
          "tests": [
            {
              "title": "Validate that Cart Items are Cleared and Cart Hidden If the Clear Button is Clicked",
              "fullTitle": "Clear Button Clears Items on Cart Validate that Cart Items are Cleared and Cart Hidden If the Clear Button is Clicked",
              "timedOut": null,
              "duration": 6963,
              "state": "passed",
              "speed": "medium",
              "pass": true,
              "fail": false,
              "pending": false,
              "context": null,
              "code": "cy.clearRemovesCartItems();",
              "err": {},
              "uuid": "b63ab35e-38b5-4b6c-8345-1c47997c6316",
              "parentUUID": "2bbc2eb3-f758-47cd-9ae9-84d9517d13d9",
              "isHook": false,
              "skipped": false
            }
          ],
          "suites": [],
          "passes": [
            "b63ab35e-38b5-4b6c-8345-1c47997c6316"
          ],
          "failures": [],
          "pending": [],
          "skipped": [],
          "duration": 6963,
          "root": false,
          "rootEmpty": false,
          "_timeout": 2000
        }
      ],
      "passes": [],
      "failures": [],
      "pending": [],
      "skipped": [],
      "duration": 0,
      "root": true,
      "rootEmpty": true,
      "_timeout": 2000
    }
  ],
  "meta": {
    "mocha": {
      "version": "7.0.1"
    },
    "mochawesome": {
      "options": {
        "quiet": false,
        "reportFilename": "mochawesome",
        "saveHtml": true,
        "saveJson": true,
        "consoleReporter": "spec",
        "useInlineDiffs": false,
        "code": true
      },
      "version": "7.1.3"
    },
    "marge": {
      "options": {
        "id": "default",
        "reportDir": "cypress/reports/mocha",
        "quite": true,
        "overwrite": false,
        "html": true,
        "json": true
      },
      "version": "6.2.0"
    }
  }
}