{
  "stats": {
    "suites": 1,
    "tests": 1,
    "passes": 1,
    "pending": 0,
    "failures": 0,
    "start": "2022-03-29T16:54:17.761Z",
    "end": "2022-03-29T16:54:25.460Z",
    "duration": 7699,
    "testsRegistered": 1,
    "passPercent": 100,
    "pendingPercent": 0,
    "other": 0,
    "hasOther": false,
    "skipped": 0,
    "hasSkipped": false
  },
  "results": [
    {
      "uuid": "32117ea2-bb09-4ab1-9d59-d0b2ed9b8ae1",
      "title": "",
      "fullFile": "cypress/integration/addProductsShowCart.spec.js",
      "file": "cypress/integration/addProductsShowCart.spec.js",
      "beforeHooks": [],
      "afterHooks": [],
      "tests": [],
      "suites": [
        {
          "uuid": "b321fddd-ced3-484b-8a46-693b6c8aaf3d",
          "title": "Add Products to Cart Shows Cart Drop-Down ",
          "fullFile": "",
          "file": "",
          "beforeHooks": [],
          "afterHooks": [],
          "tests": [
            {
              "title": "Validate that Cart Drop-down Shows If Products Are Added to Cart",
              "fullTitle": "Add Products to Cart Shows Cart Drop-Down  Validate that Cart Drop-down Shows If Products Are Added to Cart",
              "timedOut": null,
              "duration": 7635,
              "state": "passed",
              "speed": "medium",
              "pass": true,
              "fail": false,
              "pending": false,
              "context": null,
              "code": "cy.addProductShowsCart();",
              "err": {},
              "uuid": "a72675d8-564f-4d24-b4ba-6443c9e6537b",
              "parentUUID": "b321fddd-ced3-484b-8a46-693b6c8aaf3d",
              "isHook": false,
              "skipped": false
            }
          ],
          "suites": [],
          "passes": [
            "a72675d8-564f-4d24-b4ba-6443c9e6537b"
          ],
          "failures": [],
          "pending": [],
          "skipped": [],
          "duration": 7635,
          "root": false,
          "rootEmpty": false,
          "_timeout": 2000
        }
      ],
      "passes": [],
      "failures": [],
      "pending": [],
      "skipped": [],
      "duration": 0,
      "root": true,
      "rootEmpty": true,
      "_timeout": 2000
    }
  ],
  "meta": {
    "mocha": {
      "version": "7.0.1"
    },
    "mochawesome": {
      "options": {
        "quiet": false,
        "reportFilename": "mochawesome",
        "saveHtml": true,
        "saveJson": true,
        "consoleReporter": "spec",
        "useInlineDiffs": false,
        "code": true
      },
      "version": "7.1.3"
    },
    "marge": {
      "options": {
        "id": "default",
        "reportDir": "cypress/reports/mocha",
        "quite": true,
        "overwrite": false,
        "html": true,
        "json": true
      },
      "version": "6.2.0"
    }
  }
}