{
  "stats": {
    "suites": 1,
    "tests": 1,
    "passes": 1,
    "pending": 0,
    "failures": 0,
    "start": "2022-03-30T11:09:54.523Z",
    "end": "2022-03-30T11:09:58.026Z",
    "duration": 3503,
    "testsRegistered": 1,
    "passPercent": 100,
    "pendingPercent": 0,
    "other": 0,
    "hasOther": false,
    "skipped": 0,
    "hasSkipped": false
  },
  "results": [
    {
      "uuid": "a36e5c3b-afdc-4f11-bca3-361b3ef57586",
      "title": "",
      "fullFile": "cypress/integration/clearRemovesCartItems.spec.js",
      "file": "cypress/integration/clearRemovesCartItems.spec.js",
      "beforeHooks": [],
      "afterHooks": [],
      "tests": [],
      "suites": [
        {
          "uuid": "d0724f0b-c1fc-4811-af2c-466bb80f01ee",
          "title": "Clear Button Clears Items on Cart",
          "fullFile": "",
          "file": "",
          "beforeHooks": [],
          "afterHooks": [],
          "tests": [
            {
              "title": "Validate that Cart Items are Cleared and Cart Hidden If the Clear Button is Clicked",
              "fullTitle": "Clear Button Clears Items on Cart Validate that Cart Items are Cleared and Cart Hidden If the Clear Button is Clicked",
              "timedOut": null,
              "duration": 3462,
              "state": "passed",
              "speed": "fast",
              "pass": true,
              "fail": false,
              "pending": false,
              "context": null,
              "code": "cy.clearRemovesCartItems();",
              "err": {},
              "uuid": "48cd5867-0dc6-4a36-9d5d-e8ed74feb69e",
              "parentUUID": "d0724f0b-c1fc-4811-af2c-466bb80f01ee",
              "isHook": false,
              "skipped": false
            }
          ],
          "suites": [],
          "passes": [
            "48cd5867-0dc6-4a36-9d5d-e8ed74feb69e"
          ],
          "failures": [],
          "pending": [],
          "skipped": [],
          "duration": 3462,
          "root": false,
          "rootEmpty": false,
          "_timeout": 2000
        }
      ],
      "passes": [],
      "failures": [],
      "pending": [],
      "skipped": [],
      "duration": 0,
      "root": true,
      "rootEmpty": true,
      "_timeout": 2000
    }
  ],
  "meta": {
    "mocha": {
      "version": "7.0.1"
    },
    "mochawesome": {
      "options": {
        "quiet": false,
        "reportFilename": "mochawesome",
        "saveHtml": true,
        "saveJson": true,
        "consoleReporter": "spec",
        "useInlineDiffs": false,
        "code": true
      },
      "version": "7.1.3"
    },
    "marge": {
      "options": {
        "id": "default",
        "reportDir": "cypress/reports/mocha",
        "quite": true,
        "overwrite": false,
        "html": true,
        "json": true
      },
      "version": "6.2.0"
    }
  }
}