{
  "stats": {
    "suites": 1,
    "tests": 1,
    "passes": 1,
    "pending": 0,
    "failures": 0,
    "start": "2022-03-29T16:07:33.156Z",
    "end": "2022-03-29T16:07:43.956Z",
    "duration": 10800,
    "testsRegistered": 1,
    "passPercent": 100,
    "pendingPercent": 0,
    "other": 0,
    "hasOther": false,
    "skipped": 0,
    "hasSkipped": false
  },
  "results": [
    {
      "uuid": "1e8ecf03-a20f-4bba-b09b-28f6b2da552b",
      "title": "",
      "fullFile": "cypress/integration/addProductsShowCart.spec.js",
      "file": "cypress/integration/addProductsShowCart.spec.js",
      "beforeHooks": [],
      "afterHooks": [],
      "tests": [],
      "suites": [
        {
          "uuid": "c84ce8c3-0b4e-4fc4-bba4-1011d637403e",
          "title": "Add Products to Cart Shows Cart Drop-Down ",
          "fullFile": "",
          "file": "",
          "beforeHooks": [],
          "afterHooks": [],
          "tests": [
            {
              "title": "Validate that Cart Drop-down Shows If Products Are Added to Cart",
              "fullTitle": "Add Products to Cart Shows Cart Drop-Down  Validate that Cart Drop-down Shows If Products Are Added to Cart",
              "timedOut": null,
              "duration": 10638,
              "state": "passed",
              "speed": "slow",
              "pass": true,
              "fail": false,
              "pending": false,
              "context": null,
              "code": "cy.addProductShowsCart();",
              "err": {},
              "uuid": "5f3c6f2e-98e2-4e20-8d7a-095a1b50b0b1",
              "parentUUID": "c84ce8c3-0b4e-4fc4-bba4-1011d637403e",
              "isHook": false,
              "skipped": false
            }
          ],
          "suites": [],
          "passes": [
            "5f3c6f2e-98e2-4e20-8d7a-095a1b50b0b1"
          ],
          "failures": [],
          "pending": [],
          "skipped": [],
          "duration": 10638,
          "root": false,
          "rootEmpty": false,
          "_timeout": 2000
        }
      ],
      "passes": [],
      "failures": [],
      "pending": [],
      "skipped": [],
      "duration": 0,
      "root": true,
      "rootEmpty": true,
      "_timeout": 2000
    }
  ],
  "meta": {
    "mocha": {
      "version": "7.0.1"
    },
    "mochawesome": {
      "options": {
        "quiet": false,
        "reportFilename": "mochawesome",
        "saveHtml": true,
        "saveJson": true,
        "consoleReporter": "spec",
        "useInlineDiffs": false,
        "code": true
      },
      "version": "7.1.3"
    },
    "marge": {
      "options": {
        "id": "default",
        "reportDir": "cypress/reports/mocha",
        "quite": true,
        "overwrite": false,
        "html": true,
        "json": true
      },
      "version": "6.2.0"
    }
  }
}